[1.405s] Invoking command in '/home/nhan/Documents/ros/project/src/nav2_simple_navigation': DEBUGINFOD_URLS=https://debuginfod.ubuntu.com PYTHONPATH=/home/nhan/Documents/ros/project/build/nav2_simple_navigation/prefix_override:/usr/lib/python3/dist-packages/colcon_core/task/python/colcon_distutils_commands:/home/nhan/Documents/ros/project/install/nav2_simple_navigation/lib/python3.12/site-packages:${PYTHONPATH} /usr/bin/python3 -W ignore:setup.py install is deprecated -W ignore:easy_install command is deprecated setup.py egg_info --egg-base ../../build/nav2_simple_navigation build --build-base /home/nhan/Documents/ros/project/build/nav2_simple_navigation/build install --record /home/nhan/Documents/ros/project/build/nav2_simple_navigation/install.log --single-version-externally-managed install_data
[1.777s] running egg_info
[1.805s] writing ../../build/nav2_simple_navigation/nav2_simple_navigation.egg-info/PKG-INFO
[1.806s] writing dependency_links to ../../build/nav2_simple_navigation/nav2_simple_navigation.egg-info/dependency_links.txt
[1.806s] writing entry points to ../../build/nav2_simple_navigation/nav2_simple_navigation.egg-info/entry_points.txt
[1.806s] writing requirements to ../../build/nav2_simple_navigation/nav2_simple_navigation.egg-info/requires.txt
[1.807s] writing top-level names to ../../build/nav2_simple_navigation/nav2_simple_navigation.egg-info/top_level.txt
[1.867s] reading manifest file '../../build/nav2_simple_navigation/nav2_simple_navigation.egg-info/SOURCES.txt'
[1.868s] writing manifest file '../../build/nav2_simple_navigation/nav2_simple_navigation.egg-info/SOURCES.txt'
[1.869s] running build
[1.869s] running build_py
[1.870s] running install
[1.879s] running install_lib
[1.907s] running install_data
[1.908s] copying config/nav2_params.yaml -> /home/nhan/Documents/ros/project/install/nav2_simple_navigation/share/nav2_simple_navigation/config
[1.908s] running install_egg_info
[1.949s] removing '/home/nhan/Documents/ros/project/install/nav2_simple_navigation/lib/python3.12/site-packages/nav2_simple_navigation-0.0.0-py3.12.egg-info' (and everything under it)
[1.949s] Copying ../../build/nav2_simple_navigation/nav2_simple_navigation.egg-info to /home/nhan/Documents/ros/project/install/nav2_simple_navigation/lib/python3.12/site-packages/nav2_simple_navigation-0.0.0-py3.12.egg-info
[1.953s] running install_scripts
[2.168s] Installing bt_nav script to /home/nhan/Documents/ros/project/install/nav2_simple_navigation/lib/nav2_simple_navigation
[2.169s] Installing circle_nav script to /home/nhan/Documents/ros/project/install/nav2_simple_navigation/lib/nav2_simple_navigation
[2.169s] Installing go_to_room script to /home/nhan/Documents/ros/project/install/nav2_simple_navigation/lib/nav2_simple_navigation
[2.169s] Installing go_to_rooms_optimized script to /home/nhan/Documents/ros/project/install/nav2_simple_navigation/lib/nav2_simple_navigation
[2.169s] Installing pose_debugger script to /home/nhan/Documents/ros/project/install/nav2_simple_navigation/lib/nav2_simple_navigation
[2.170s] Installing square_nav script to /home/nhan/Documents/ros/project/install/nav2_simple_navigation/lib/nav2_simple_navigation
[2.170s] Installing waypoints script to /home/nhan/Documents/ros/project/install/nav2_simple_navigation/lib/nav2_simple_navigation
[2.170s] Installing waypoints_exc script to /home/nhan/Documents/ros/project/install/nav2_simple_navigation/lib/nav2_simple_navigation
[2.170s] Installing yaw_debugger script to /home/nhan/Documents/ros/project/install/nav2_simple_navigation/lib/nav2_simple_navigation
[2.170s] writing list of installed files to '/home/nhan/Documents/ros/project/build/nav2_simple_navigation/install.log'
[2.223s] Invoked command in '/home/nhan/Documents/ros/project/src/nav2_simple_navigation' returned '0': DEBUGINFOD_URLS=https://debuginfod.ubuntu.com PYTHONPATH=/home/nhan/Documents/ros/project/build/nav2_simple_navigation/prefix_override:/usr/lib/python3/dist-packages/colcon_core/task/python/colcon_distutils_commands:/home/nhan/Documents/ros/project/install/nav2_simple_navigation/lib/python3.12/site-packages:${PYTHONPATH} /usr/bin/python3 -W ignore:setup.py install is deprecated -W ignore:easy_install command is deprecated setup.py egg_info --egg-base ../../build/nav2_simple_navigation build --build-base /home/nhan/Documents/ros/project/build/nav2_simple_navigation/build install --record /home/nhan/Documents/ros/project/build/nav2_simple_navigation/install.log --single-version-externally-managed install_data
