[1.359s] Invoking command in '/home/nhan/Documents/ros/project/src/nav2_simple_navigation': DEBUGINFOD_URLS=https://debuginfod.ubuntu.com PYTHONPATH=/home/nhan/Documents/ros/project/build/nav2_simple_navigation/prefix_override:/usr/lib/python3/dist-packages/colcon_core/task/python/colcon_distutils_commands:/home/nhan/Documents/ros/project/install/nav2_simple_navigation/lib/python3.12/site-packages:${PYTHONPATH} /usr/bin/python3 -W ignore:setup.py install is deprecated -W ignore:easy_install command is deprecated setup.py egg_info --egg-base ../../build/nav2_simple_navigation build --build-base /home/nhan/Documents/ros/project/build/nav2_simple_navigation/build install --record /home/nhan/Documents/ros/project/build/nav2_simple_navigation/install.log --single-version-externally-managed install_data
[1.765s] running egg_info
[1.765s] creating ../../build/nav2_simple_navigation/nav2_simple_navigation.egg-info
[1.792s] writing ../../build/nav2_simple_navigation/nav2_simple_navigation.egg-info/PKG-INFO
[1.792s] writing dependency_links to ../../build/nav2_simple_navigation/nav2_simple_navigation.egg-info/dependency_links.txt
[1.792s] writing entry points to ../../build/nav2_simple_navigation/nav2_simple_navigation.egg-info/entry_points.txt
[1.793s] writing requirements to ../../build/nav2_simple_navigation/nav2_simple_navigation.egg-info/requires.txt
[1.793s] writing top-level names to ../../build/nav2_simple_navigation/nav2_simple_navigation.egg-info/top_level.txt
[1.793s] writing manifest file '../../build/nav2_simple_navigation/nav2_simple_navigation.egg-info/SOURCES.txt'
[1.850s] reading manifest file '../../build/nav2_simple_navigation/nav2_simple_navigation.egg-info/SOURCES.txt'
[1.851s] writing manifest file '../../build/nav2_simple_navigation/nav2_simple_navigation.egg-info/SOURCES.txt'
[1.852s] running build
[1.852s] running build_py
[1.853s] creating /home/nhan/Documents/ros/project/build/nav2_simple_navigation/build
[1.854s] creating /home/nhan/Documents/ros/project/build/nav2_simple_navigation/build/lib
[1.854s] creating /home/nhan/Documents/ros/project/build/nav2_simple_navigation/build/lib/nav2_simple_navigation
[1.854s] copying nav2_simple_navigation/__init__.py -> /home/nhan/Documents/ros/project/build/nav2_simple_navigation/build/lib/nav2_simple_navigation
[1.854s] copying nav2_simple_navigation/go_to_room.py -> /home/nhan/Documents/ros/project/build/nav2_simple_navigation/build/lib/nav2_simple_navigation
[1.855s] copying nav2_simple_navigation/go_to_rooms_optimized.py -> /home/nhan/Documents/ros/project/build/nav2_simple_navigation/build/lib/nav2_simple_navigation
[1.855s] copying nav2_simple_navigation/waypoints.py -> /home/nhan/Documents/ros/project/build/nav2_simple_navigation/build/lib/nav2_simple_navigation
[1.855s] copying nav2_simple_navigation/debug_yaw.py -> /home/nhan/Documents/ros/project/build/nav2_simple_navigation/build/lib/nav2_simple_navigation
[1.856s] copying nav2_simple_navigation/bt_nav.py -> /home/nhan/Documents/ros/project/build/nav2_simple_navigation/build/lib/nav2_simple_navigation
[1.856s] copying nav2_simple_navigation/waypoints_exc.py -> /home/nhan/Documents/ros/project/build/nav2_simple_navigation/build/lib/nav2_simple_navigation
[1.856s] copying nav2_simple_navigation/debug_pose.py -> /home/nhan/Documents/ros/project/build/nav2_simple_navigation/build/lib/nav2_simple_navigation
[1.856s] copying nav2_simple_navigation/optimal_path_planner.py -> /home/nhan/Documents/ros/project/build/nav2_simple_navigation/build/lib/nav2_simple_navigation
[1.856s] copying nav2_simple_navigation/square_nav.py -> /home/nhan/Documents/ros/project/build/nav2_simple_navigation/build/lib/nav2_simple_navigation
[1.857s] copying nav2_simple_navigation/circle_nav.py -> /home/nhan/Documents/ros/project/build/nav2_simple_navigation/build/lib/nav2_simple_navigation
[1.857s] running install
[1.866s] running install_lib
[1.895s] creating /home/nhan/Documents/ros/project/install/nav2_simple_navigation/lib/python3.12/site-packages/nav2_simple_navigation
[1.895s] copying /home/nhan/Documents/ros/project/build/nav2_simple_navigation/build/lib/nav2_simple_navigation/__init__.py -> /home/nhan/Documents/ros/project/install/nav2_simple_navigation/lib/python3.12/site-packages/nav2_simple_navigation
[1.896s] copying /home/nhan/Documents/ros/project/build/nav2_simple_navigation/build/lib/nav2_simple_navigation/go_to_room.py -> /home/nhan/Documents/ros/project/install/nav2_simple_navigation/lib/python3.12/site-packages/nav2_simple_navigation
[1.896s] copying /home/nhan/Documents/ros/project/build/nav2_simple_navigation/build/lib/nav2_simple_navigation/go_to_rooms_optimized.py -> /home/nhan/Documents/ros/project/install/nav2_simple_navigation/lib/python3.12/site-packages/nav2_simple_navigation
[1.896s] copying /home/nhan/Documents/ros/project/build/nav2_simple_navigation/build/lib/nav2_simple_navigation/waypoints.py -> /home/nhan/Documents/ros/project/install/nav2_simple_navigation/lib/python3.12/site-packages/nav2_simple_navigation
[1.896s] copying /home/nhan/Documents/ros/project/build/nav2_simple_navigation/build/lib/nav2_simple_navigation/debug_yaw.py -> /home/nhan/Documents/ros/project/install/nav2_simple_navigation/lib/python3.12/site-packages/nav2_simple_navigation
[1.897s] copying /home/nhan/Documents/ros/project/build/nav2_simple_navigation/build/lib/nav2_simple_navigation/bt_nav.py -> /home/nhan/Documents/ros/project/install/nav2_simple_navigation/lib/python3.12/site-packages/nav2_simple_navigation
[1.898s] copying /home/nhan/Documents/ros/project/build/nav2_simple_navigation/build/lib/nav2_simple_navigation/waypoints_exc.py -> /home/nhan/Documents/ros/project/install/nav2_simple_navigation/lib/python3.12/site-packages/nav2_simple_navigation
[1.898s] copying /home/nhan/Documents/ros/project/build/nav2_simple_navigation/build/lib/nav2_simple_navigation/debug_pose.py -> /home/nhan/Documents/ros/project/install/nav2_simple_navigation/lib/python3.12/site-packages/nav2_simple_navigation
[1.898s] copying /home/nhan/Documents/ros/project/build/nav2_simple_navigation/build/lib/nav2_simple_navigation/optimal_path_planner.py -> /home/nhan/Documents/ros/project/install/nav2_simple_navigation/lib/python3.12/site-packages/nav2_simple_navigation
[1.899s] copying /home/nhan/Documents/ros/project/build/nav2_simple_navigation/build/lib/nav2_simple_navigation/square_nav.py -> /home/nhan/Documents/ros/project/install/nav2_simple_navigation/lib/python3.12/site-packages/nav2_simple_navigation
[1.899s] copying /home/nhan/Documents/ros/project/build/nav2_simple_navigation/build/lib/nav2_simple_navigation/circle_nav.py -> /home/nhan/Documents/ros/project/install/nav2_simple_navigation/lib/python3.12/site-packages/nav2_simple_navigation
[1.899s] byte-compiling /home/nhan/Documents/ros/project/install/nav2_simple_navigation/lib/python3.12/site-packages/nav2_simple_navigation/__init__.py to __init__.cpython-312.pyc
[1.899s] byte-compiling /home/nhan/Documents/ros/project/install/nav2_simple_navigation/lib/python3.12/site-packages/nav2_simple_navigation/go_to_room.py to go_to_room.cpython-312.pyc
[1.899s] byte-compiling /home/nhan/Documents/ros/project/install/nav2_simple_navigation/lib/python3.12/site-packages/nav2_simple_navigation/go_to_rooms_optimized.py to go_to_rooms_optimized.cpython-312.pyc
[1.900s] byte-compiling /home/nhan/Documents/ros/project/install/nav2_simple_navigation/lib/python3.12/site-packages/nav2_simple_navigation/waypoints.py to waypoints.cpython-312.pyc
[1.902s] byte-compiling /home/nhan/Documents/ros/project/install/nav2_simple_navigation/lib/python3.12/site-packages/nav2_simple_navigation/debug_yaw.py to debug_yaw.cpython-312.pyc
[1.903s] byte-compiling /home/nhan/Documents/ros/project/install/nav2_simple_navigation/lib/python3.12/site-packages/nav2_simple_navigation/bt_nav.py to bt_nav.cpython-312.pyc
[1.903s] byte-compiling /home/nhan/Documents/ros/project/install/nav2_simple_navigation/lib/python3.12/site-packages/nav2_simple_navigation/waypoints_exc.py to waypoints_exc.cpython-312.pyc
[1.905s] byte-compiling /home/nhan/Documents/ros/project/install/nav2_simple_navigation/lib/python3.12/site-packages/nav2_simple_navigation/debug_pose.py to debug_pose.cpython-312.pyc
[1.906s] byte-compiling /home/nhan/Documents/ros/project/install/nav2_simple_navigation/lib/python3.12/site-packages/nav2_simple_navigation/optimal_path_planner.py to optimal_path_planner.cpython-312.pyc
[1.908s] byte-compiling /home/nhan/Documents/ros/project/install/nav2_simple_navigation/lib/python3.12/site-packages/nav2_simple_navigation/square_nav.py to square_nav.cpython-312.pyc
[1.910s] byte-compiling /home/nhan/Documents/ros/project/install/nav2_simple_navigation/lib/python3.12/site-packages/nav2_simple_navigation/circle_nav.py to circle_nav.cpython-312.pyc
[1.910s] running install_data
[1.911s] creating /home/nhan/Documents/ros/project/install/nav2_simple_navigation/share/ament_index
[1.911s] creating /home/nhan/Documents/ros/project/install/nav2_simple_navigation/share/ament_index/resource_index
[1.911s] creating /home/nhan/Documents/ros/project/install/nav2_simple_navigation/share/ament_index/resource_index/packages
[1.911s] copying resource/nav2_simple_navigation -> /home/nhan/Documents/ros/project/install/nav2_simple_navigation/share/ament_index/resource_index/packages
[1.912s] copying package.xml -> /home/nhan/Documents/ros/project/install/nav2_simple_navigation/share/nav2_simple_navigation
[1.912s] creating /home/nhan/Documents/ros/project/install/nav2_simple_navigation/share/nav2_simple_navigation/launch
[1.912s] copying launch/nav2_control.launch.py -> /home/nhan/Documents/ros/project/install/nav2_simple_navigation/share/nav2_simple_navigation/launch
[1.912s] copying launch/ekf.launch.py -> /home/nhan/Documents/ros/project/install/nav2_simple_navigation/share/nav2_simple_navigation/launch
[1.912s] creating /home/nhan/Documents/ros/project/install/nav2_simple_navigation/share/nav2_simple_navigation/config
[1.913s] copying config/ekf.yaml -> /home/nhan/Documents/ros/project/install/nav2_simple_navigation/share/nav2_simple_navigation/config
[1.913s] copying config/rooms.yaml -> /home/nhan/Documents/ros/project/install/nav2_simple_navigation/share/nav2_simple_navigation/config
[1.913s] copying config/hospital_map.yaml -> /home/nhan/Documents/ros/project/install/nav2_simple_navigation/share/nav2_simple_navigation/config
[1.913s] copying config/nav2_params.yaml -> /home/nhan/Documents/ros/project/install/nav2_simple_navigation/share/nav2_simple_navigation/config
[1.913s] copying config/nav2_params_wo_BT.yaml -> /home/nhan/Documents/ros/project/install/nav2_simple_navigation/share/nav2_simple_navigation/config
[1.913s] copying config/mapper_params.yaml -> /home/nhan/Documents/ros/project/install/nav2_simple_navigation/share/nav2_simple_navigation/config
[1.914s] copying config/hospital_map.pgm -> /home/nhan/Documents/ros/project/install/nav2_simple_navigation/share/nav2_simple_navigation/config
[1.914s] copying config/rviz_config.rviz -> /home/nhan/Documents/ros/project/install/nav2_simple_navigation/share/nav2_simple_navigation/config
[1.914s] running install_egg_info
[1.943s] Copying ../../build/nav2_simple_navigation/nav2_simple_navigation.egg-info to /home/nhan/Documents/ros/project/install/nav2_simple_navigation/lib/python3.12/site-packages/nav2_simple_navigation-0.0.0-py3.12.egg-info
[1.944s] running install_scripts
[2.137s] Installing bt_nav script to /home/nhan/Documents/ros/project/install/nav2_simple_navigation/lib/nav2_simple_navigation
[2.138s] Installing circle_nav script to /home/nhan/Documents/ros/project/install/nav2_simple_navigation/lib/nav2_simple_navigation
[2.138s] Installing go_to_room script to /home/nhan/Documents/ros/project/install/nav2_simple_navigation/lib/nav2_simple_navigation
[2.138s] Installing go_to_rooms_optimized script to /home/nhan/Documents/ros/project/install/nav2_simple_navigation/lib/nav2_simple_navigation
[2.138s] Installing pose_debugger script to /home/nhan/Documents/ros/project/install/nav2_simple_navigation/lib/nav2_simple_navigation
[2.139s] Installing square_nav script to /home/nhan/Documents/ros/project/install/nav2_simple_navigation/lib/nav2_simple_navigation
[2.139s] Installing waypoints script to /home/nhan/Documents/ros/project/install/nav2_simple_navigation/lib/nav2_simple_navigation
[2.139s] Installing waypoints_exc script to /home/nhan/Documents/ros/project/install/nav2_simple_navigation/lib/nav2_simple_navigation
[2.139s] Installing yaw_debugger script to /home/nhan/Documents/ros/project/install/nav2_simple_navigation/lib/nav2_simple_navigation
[2.140s] writing list of installed files to '/home/nhan/Documents/ros/project/build/nav2_simple_navigation/install.log'
[2.201s] Invoked command in '/home/nhan/Documents/ros/project/src/nav2_simple_navigation' returned '0': DEBUGINFOD_URLS=https://debuginfod.ubuntu.com PYTHONPATH=/home/nhan/Documents/ros/project/build/nav2_simple_navigation/prefix_override:/usr/lib/python3/dist-packages/colcon_core/task/python/colcon_distutils_commands:/home/nhan/Documents/ros/project/install/nav2_simple_navigation/lib/python3.12/site-packages:${PYTHONPATH} /usr/bin/python3 -W ignore:setup.py install is deprecated -W ignore:easy_install command is deprecated setup.py egg_info --egg-base ../../build/nav2_simple_navigation build --build-base /home/nhan/Documents/ros/project/build/nav2_simple_navigation/build install --record /home/nhan/Documents/ros/project/build/nav2_simple_navigation/install.log --single-version-externally-managed install_data
