[1.562s] Invoking command in '/home/nhan/Documents/ros/project/src/nav2_simple_navigation': DEBUGINFOD_URLS=https://debuginfod.ubuntu.com PYTHONPATH=/home/nhan/Documents/ros/project/build/nav2_simple_navigation/prefix_override:/usr/lib/python3/dist-packages/colcon_core/task/python/colcon_distutils_commands:/home/nhan/Documents/ros/project/install/nav2_simple_navigation/lib/python3.12/site-packages:${PYTHONPATH} /usr/bin/python3 -W ignore:setup.py install is deprecated -W ignore:easy_install command is deprecated setup.py egg_info --egg-base ../../build/nav2_simple_navigation build --build-base /home/nhan/Documents/ros/project/build/nav2_simple_navigation/build install --record /home/nhan/Documents/ros/project/build/nav2_simple_navigation/install.log --single-version-externally-managed install_data
[2.003s] running egg_info
[2.031s] writing ../../build/nav2_simple_navigation/nav2_simple_navigation.egg-info/PKG-INFO
[2.031s] writing dependency_links to ../../build/nav2_simple_navigation/nav2_simple_navigation.egg-info/dependency_links.txt
[2.031s] writing entry points to ../../build/nav2_simple_navigation/nav2_simple_navigation.egg-info/entry_points.txt
[2.032s] writing requirements to ../../build/nav2_simple_navigation/nav2_simple_navigation.egg-info/requires.txt
[2.033s] writing top-level names to ../../build/nav2_simple_navigation/nav2_simple_navigation.egg-info/top_level.txt
[2.091s] reading manifest file '../../build/nav2_simple_navigation/nav2_simple_navigation.egg-info/SOURCES.txt'
[2.092s] writing manifest file '../../build/nav2_simple_navigation/nav2_simple_navigation.egg-info/SOURCES.txt'
[2.093s] running build
[2.093s] running build_py
[2.094s] running install
[2.110s] running install_lib
[2.166s] running install_data
[2.166s] running install_egg_info
[2.204s] removing '/home/nhan/Documents/ros/project/install/nav2_simple_navigation/lib/python3.12/site-packages/nav2_simple_navigation-0.0.0-py3.12.egg-info' (and everything under it)
[2.205s] Copying ../../build/nav2_simple_navigation/nav2_simple_navigation.egg-info to /home/nhan/Documents/ros/project/install/nav2_simple_navigation/lib/python3.12/site-packages/nav2_simple_navigation-0.0.0-py3.12.egg-info
[2.208s] running install_scripts
[2.439s] Installing bt_nav script to /home/nhan/Documents/ros/project/install/nav2_simple_navigation/lib/nav2_simple_navigation
[2.439s] Installing circle_nav script to /home/nhan/Documents/ros/project/install/nav2_simple_navigation/lib/nav2_simple_navigation
[2.439s] Installing go_to_room script to /home/nhan/Documents/ros/project/install/nav2_simple_navigation/lib/nav2_simple_navigation
[2.439s] Installing go_to_rooms_optimized script to /home/nhan/Documents/ros/project/install/nav2_simple_navigation/lib/nav2_simple_navigation
[2.439s] Installing pose_debugger script to /home/nhan/Documents/ros/project/install/nav2_simple_navigation/lib/nav2_simple_navigation
[2.440s] Installing square_nav script to /home/nhan/Documents/ros/project/install/nav2_simple_navigation/lib/nav2_simple_navigation
[2.440s] Installing waypoints script to /home/nhan/Documents/ros/project/install/nav2_simple_navigation/lib/nav2_simple_navigation
[2.440s] Installing waypoints_exc script to /home/nhan/Documents/ros/project/install/nav2_simple_navigation/lib/nav2_simple_navigation
[2.440s] Installing yaw_debugger script to /home/nhan/Documents/ros/project/install/nav2_simple_navigation/lib/nav2_simple_navigation
[2.441s] writing list of installed files to '/home/nhan/Documents/ros/project/build/nav2_simple_navigation/install.log'
[2.489s] Invoked command in '/home/nhan/Documents/ros/project/src/nav2_simple_navigation' returned '0': DEBUGINFOD_URLS=https://debuginfod.ubuntu.com PYTHONPATH=/home/nhan/Documents/ros/project/build/nav2_simple_navigation/prefix_override:/usr/lib/python3/dist-packages/colcon_core/task/python/colcon_distutils_commands:/home/nhan/Documents/ros/project/install/nav2_simple_navigation/lib/python3.12/site-packages:${PYTHONPATH} /usr/bin/python3 -W ignore:setup.py install is deprecated -W ignore:easy_install command is deprecated setup.py egg_info --egg-base ../../build/nav2_simple_navigation build --build-base /home/nhan/Documents/ros/project/build/nav2_simple_navigation/build install --record /home/nhan/Documents/ros/project/build/nav2_simple_navigation/install.log --single-version-externally-managed install_data
